<?xml version="1.0" encoding="UTF-8"?>
<!-- Generated by org.testng.reporters.JUnitXMLReporter -->
<testsuite ignored="0" hostname="DESKTOP-C157UR7" failures="0" tests="5" name="Test" time="6.49" errors="0" timestamp="2023-09-11T20:02:50 IST">
  <testcase classname="org.Testing.TestCases.TC2_Post" name="postTestCase" time="3.658"/>
  <testcase classname="org.Testing.TestCases.TC2_Post" name="postTestCaseJSON" time="0.906"/>
  <testcase classname="org.Testing.TestCases.TC1_Get" name="getTestCase" time="0.454"/>
  <testcase classname="org.Testing.TestCases.TC4_Delete" name="postTestCaseJSON" time="0.703"/>
  <testcase classname="org.Testing.TestCases.TC3_Put" name="postTestCaseJSON" time="0.679"/>
</testsuite> <!-- Test -->
